         5	      1000	      test	     START	      1000	          
        10	      1000	     first	       LDA	      zero	    001075
        15	      1003	          	       STA	       len	    0C1081
        20	      1006	          	       LDA	      zero	    001075
        25	      1009	          	       STA	    result	    0C1084
        30	      100C	          	      JSUB	    strlen	    48101B
        35	      100F	          	      JSUB	    strcpy	    481036
        40	      1012	          	      JSUB	    strcmp	    481048
        45	      1015	          	       LDA	    result	    001084
        50	      1018	          	         J	       end	    3C10AA
        55	      101B	    strlen	       LDX	       len	    041081
        60	      101E	          	      LDCH	      str2	    501091
        65	      1021	          	      COMP	      null	    28109C
        70	      1024	          	       JEQ	      back	    301033
        75	      1027	          	       LDA	       len	    001081
        80	      102A	          	       ADD	       one	    181078
        85	      102D	          	       STA	       len	    0C1081
        90	      1030	          	         J	    strlen	    3C101B
        95	      1033	      back	      RSUB	          	    4C0000
       100	      1036	    strcpy	       LDX	      zero	    041075
       105	      1039	     cloop	      LDCH	      str2	    501091
       110	      103C	          	      STCH	      str1	    541087
       115	      103F	          	       TIX	       len	    2C1081
       120	      1042	          	       JLT	     cloop	    381039
       125	      1045	          	      RSUB	          	    4C0000
       130	      1048	    strcmp	       LDX	      zero	    041075
       135	      104B	    cploop	      LDCH	      str2	    501091
       140	      104E	          	      COMP	      str3	    28109F
       145	      1051	          	       JLT	     small	    38105A
       150	      1054	          	       JGT	       big	    341063
       155	      1057	          	       JEQ	     equal	    30106C
       160	      105A	     small	       LDA	     minus	    00107B
       165	      105D	          	       STA	    result	    0C1084
       170	      1060	          	         J	      cend	    3C1072
       175	      1063	       big	       LDA	      plus	    00107E
       180	      1066	          	       STA	    result	    0C1084
       185	      1069	          	         J	      cend	    3C1072
       190	      106C	     equal	       TIX	       len	    2C1081
       195	      106F	          	       JLT	    cploop	    38104B
       200	      1072	      cend	      RSUB	          	    4C0000
       205	      1075	      zero	      WORD	         0	    000000
       210	      1078	       one	      WORD	         1	    000001
       215	      107B	     minus	      WORD	        -1	    FFFFFF
       220	      107E	      plus	      WORD	         1	    000001
       225	      1081	       len	      RESW	         1	          
       230	      1084	    result	      RESW	         1	          
       235	      1087	      str1	      RESB	        10	          
       240	      1091	      str2	      BYTE	c'test string'	7465737420737472696E67
       245	      109C	      null	      WORD	         0	    000000
       250	      109F	      str3	      BYTE	c'test string'	7465737420737472696E67
       255	          	       end	       END	     first	          
